# JRE version: Java(TM) SE Runtime Environment (18.0.1+10) (build 18.0.1+10-24)
# Java VM: Java HotSpot(TM) 64-Bit Server VM (18.0.1+10-24, mixed mode, emulated-client, sharing, tiered, compressed oops, compressed class ptrs, g1 gc, windows-amd64)
GC Precious Log:
 CardTable entry size: 512
 Card Set container configuration: InlinePtr #cards 5 size 8 Array Of Cards #cards 12 size 40 Howl #buckets 4 coarsen threshold 1843 Howl Bitmap #cards 512 size 80 coarsen threshold 460 Card regions per heap region 1 cards per card region 2048
 CPUs: 4 total, 4 available
 Memory: 7872M
 Large Page Support: Disabled
 NUMA Support: Disabled
 Compressed Oops: Enabled (32-bit)
 Heap Region Size: 1M
 Heap Min Capacity: 8M
 Heap Initial Capacity: 124M
 Heap Max Capacity: 1970M
 Pre-touch: Disabled
 Parallel Workers: 4
 Concurrent Workers: 1
 Concurrent Refinement Workers: 4
 Periodic GC: Disabled
Heap:
 garbage-first heap   total 95232K, used 43706K [0x0000000084e00000, 0x0000000100000000)
  region size 1024K, 6 young (6144K), 4 survivors (4096K)
 Metaspace       used 74076K, committed 74944K, reserved 1114112K
  class space    used 10749K, committed 11136K, reserved 1048576K
GC Heap History (20 events):
Event: 9.146 GC heap before
{Heap before GC invocations=12 (full 0):
 garbage-first heap   total 64512K, used 47679K [0x0000000084e00000, 0x0000000100000000)
  region size 1024K, 25 young (25600K), 4 survivors (4096K)
 Metaspace       used 45386K, committed 45888K, reserved 1114112K
  class space    used 6284K, committed 6528K, reserved 1048576K
}
Event: 9.152 GC heap after
{Heap after GC invocations=13 (full 0):
 garbage-first heap   total 64512K, used 27673K [0x0000000084e00000, 0x0000000100000000)
  region size 1024K, 2 young (2048K), 2 survivors (2048K)
 Metaspace       used 45386K, committed 45888K, reserved 1114112K
  class space    used 6284K, committed 6528K, reserved 1048576K
}
Event: 9.892 GC heap before
{Heap before GC invocations=13 (full 0):
 garbage-first heap   total 64512K, used 49177K [0x0000000084e00000, 0x0000000100000000)
  region size 1024K, 23 young (23552K), 2 survivors (2048K)
 Metaspace       used 50593K, committed 51136K, reserved 1114112K
  class space    used 7056K, committed 7296K, reserved 1048576K
}
Event: 9.897 GC heap after
{Heap after GC invocations=14 (full 0):
 garbage-first heap   total 77824K, used 28329K [0x0000000084e00000, 0x0000000100000000)
  region size 1024K, 3 young (3072K), 3 survivors (3072K)
 Metaspace       used 50593K, committed 51136K, reserved 1114112K
  class space    used 7056K, committed 7296K, reserved 1048576K
}
Event: 11.103 GC heap before
{Heap before GC invocations=14 (full 0):
 garbage-first heap   total 77824K, used 59049K [0x0000000084e00000, 0x0000000100000000)
  region size 1024K, 34 young (34816K), 3 survivors (3072K)
 Metaspace       used 58223K, committed 58816K, reserved 1114112K
  class space    used 8292K, committed 8576K, reserved 1048576K
}
Event: 11.111 GC heap after
{Heap after GC invocations=15 (full 0):
 garbage-first heap   total 77824K, used 29644K [0x0000000084e00000, 0x0000000100000000)
  region size 1024K, 4 young (4096K), 4 survivors (4096K)
 Metaspace       used 58223K, committed 58816K, reserved 1114112K
  class space    used 8292K, committed 8576K, reserved 1048576K
}
Event: 11.449 GC heap before
{Heap before GC invocations=15 (full 0):
 garbage-first heap   total 77824K, used 40908K [0x0000000084e00000, 0x0000000100000000)
  region size 1024K, 16 young (16384K), 4 survivors (4096K)
 Metaspace       used 60481K, committed 61120K, reserved 1114112K
  class space    used 8634K, committed 8960K, reserved 1048576K
}
Event: 11.457 GC heap after
{Heap after GC invocations=16 (full 0):
 garbage-first heap   total 77824K, used 30291K [0x0000000084e00000, 0x0000000100000000)
  region size 1024K, 3 young (3072K), 3 survivors (3072K)
 Metaspace       used 60481K, committed 61120K, reserved 1114112K
  class space    used 8634K, committed 8960K, reserved 1048576K
}
Event: 12.237 GC heap before
{Heap before GC invocations=17 (full 0):
 garbage-first heap   total 77824K, used 62035K [0x0000000084e00000, 0x0000000100000000)
  region size 1024K, 34 young (34816K), 3 survivors (3072K)
 Metaspace       used 64388K, committed 65024K, reserved 1114112K
  class space    used 9214K, committed 9536K, reserved 1048576K
}
Event: 12.246 GC heap after
{Heap after GC invocations=18 (full 0):
 garbage-first heap   total 77824K, used 33058K [0x0000000084e00000, 0x0000000100000000)
  region size 1024K, 5 young (5120K), 5 survivors (5120K)
 Metaspace       used 64388K, committed 65024K, reserved 1114112K
  class space    used 9214K, committed 9536K, reserved 1048576K
}
Event: 12.662 GC heap before
{Heap before GC invocations=18 (full 0):
 garbage-first heap   total 77824K, used 61730K [0x0000000084e00000, 0x0000000100000000)
  region size 1024K, 33 young (33792K), 5 survivors (5120K)
 Metaspace       used 66455K, committed 67136K, reserved 1114112K
  class space    used 9562K, committed 9920K, reserved 1048576K
}
Event: 12.673 GC heap after
{Heap after GC invocations=19 (full 0):
 garbage-first heap   total 77824K, used 35435K [0x0000000084e00000, 0x0000000100000000)
  region size 1024K, 3 young (3072K), 3 survivors (3072K)
 Metaspace       used 66455K, committed 67136K, reserved 1114112K
  class space    used 9562K, committed 9920K, reserved 1048576K
}
Event: 13.206 GC heap before
{Heap before GC invocations=19 (full 0):
 garbage-first heap   total 77824K, used 62059K [0x0000000084e00000, 0x0000000100000000)
  region size 1024K, 29 young (29696K), 3 survivors (3072K)
 Metaspace       used 68490K, committed 69248K, reserved 1114112K
  class space    used 9883K, committed 10240K, reserved 1048576K
}
Event: 13.213 GC heap after
{Heap after GC invocations=20 (full 0):
 garbage-first heap   total 77824K, used 37489K [0x0000000084e00000, 0x0000000100000000)
  region size 1024K, 2 young (2048K), 2 survivors (2048K)
 Metaspace       used 68490K, committed 69248K, reserved 1114112K
  class space    used 9883K, committed 10240K, reserved 1048576K
}
Event: 13.671 GC heap before
{Heap before GC invocations=20 (full 0):
 garbage-first heap   total 77824K, used 63089K [0x0000000084e00000, 0x0000000100000000)
  region size 1024K, 27 young (27648K), 2 survivors (2048K)
 Metaspace       used 70185K, committed 70976K, reserved 1114112K
  class space    used 10144K, committed 10496K, reserved 1048576K
}
Event: 13.678 GC heap after
{Heap after GC invocations=21 (full 0):
 garbage-first heap   total 77824K, used 39129K [0x0000000084e00000, 0x0000000100000000)
  region size 1024K, 4 young (4096K), 4 survivors (4096K)
 Metaspace       used 70185K, committed 70976K, reserved 1114112K
  class space    used 10144K, committed 10496K, reserved 1048576K
}
Event: 14.037 GC heap before
{Heap before GC invocations=22 (full 0):
 garbage-first heap   total 78848K, used 62681K [0x0000000084e00000, 0x0000000100000000)
  region size 1024K, 27 young (27648K), 4 survivors (4096K)
 Metaspace       used 71161K, committed 71936K, reserved 1114112K
  class space    used 10335K, committed 10688K, reserved 1048576K
}
Event: 14.047 GC heap after
{Heap after GC invocations=23 (full 0):
 garbage-first heap   total 78848K, used 41272K [0x0000000084e00000, 0x0000000100000000)
  region size 1024K, 4 young (4096K), 4 survivors (4096K)
 Metaspace       used 71161K, committed 71936K, reserved 1114112K
  class space    used 10335K, committed 10688K, reserved 1048576K
}
Event: 14.665 GC heap before
{Heap before GC invocations=23 (full 0):
 garbage-first heap   total 78848K, used 63800K [0x0000000084e00000, 0x0000000100000000)
  region size 1024K, 26 young (26624K), 4 survivors (4096K)
 Metaspace       used 74016K, committed 74880K, reserved 1114112K
  class space    used 10739K, committed 11136K, reserved 1048576K
}
Event: 14.674 GC heap after
{Heap after GC invocations=24 (full 0):
 garbage-first heap   total 95232K, used 42682K [0x0000000084e00000, 0x0000000100000000)
  region size 1024K, 4 young (4096K), 4 survivors (4096K)
 Metaspace       used 74016K, committed 74880K, reserved 1114112K
  class space    used 10739K, committed 11136K, reserved 1048576K
}

